0 info it worked if it ends with ok
1 verbose cli [ 'c:\\nodejs\\node.exe',
1 verbose cli   'c:\\nodejs\\node_modules\\npm\\bin\\npm-cli.js',
1 verbose cli   'install' ]
2 info using npm@3.10.10
3 info using node@v6.9.1
4 silly loadCurrentTree Starting
5 silly install loadCurrentTree
6 silly install readLocalPackageData
7 silly install normalizeTree
8 silly loadCurrentTree Finishing
9 silly loadIdealTree Starting
10 silly install loadIdealTree
11 silly cloneCurrentTree Starting
12 silly install cloneCurrentTreeToIdealTree
13 silly cloneCurrentTree Finishing
14 silly loadShrinkwrap Starting
15 silly install loadShrinkwrap
16 silly loadShrinkwrap Finishing
17 silly loadAllDepsIntoIdealTree Starting
18 silly install loadAllDepsIntoIdealTree
19 silly fetchNamedPackageData tabris
20 silly mapToRegistry name tabris
21 silly mapToRegistry using default registry
22 silly mapToRegistry registry https://registry.npmjs.org/
23 silly mapToRegistry data Result {
23 silly mapToRegistry   raw: 'tabris',
23 silly mapToRegistry   scope: null,
23 silly mapToRegistry   escapedName: 'tabris',
23 silly mapToRegistry   name: 'tabris',
23 silly mapToRegistry   rawSpec: '',
23 silly mapToRegistry   spec: 'latest',
23 silly mapToRegistry   type: 'tag' }
24 silly mapToRegistry uri https://registry.npmjs.org/tabris
25 verbose request uri https://registry.npmjs.org/tabris
26 verbose request no auth needed
27 info attempt registry request try #1 at 13:09:37
28 verbose request id f388b3aefc9a75cd
29 http request GET https://registry.npmjs.org/tabris
30 info retry will retry, error on last attempt: Error: connect ETIMEDOUT 151.101.12.162:443
31 info attempt registry request try #2 at 13:10:08
32 http request GET https://registry.npmjs.org/tabris
33 info retry will retry, error on last attempt: Error: connect ETIMEDOUT 151.101.12.162:443
34 info attempt registry request try #3 at 13:11:29
35 http request GET https://registry.npmjs.org/tabris
36 silly fetchPackageMetaData Error: connect ETIMEDOUT 151.101.12.162:443
36 silly fetchPackageMetaData     at Object.exports._errnoException (util.js:1026:11)
36 silly fetchPackageMetaData     at exports._exceptionWithHostPort (util.js:1049:20)
36 silly fetchPackageMetaData     at TCPConnectWrap.afterConnect [as oncomplete] (net.js:1085:14)
36 silly fetchPackageMetaData  error for tabris@1.10 { Error: connect ETIMEDOUT 151.101.12.162:443
36 silly fetchPackageMetaData     at Object.exports._errnoException (util.js:1026:11)
36 silly fetchPackageMetaData     at exports._exceptionWithHostPort (util.js:1049:20)
36 silly fetchPackageMetaData     at TCPConnectWrap.afterConnect [as oncomplete] (net.js:1085:14)
36 silly fetchPackageMetaData   code: 'ETIMEDOUT',
36 silly fetchPackageMetaData   errno: 'ETIMEDOUT',
36 silly fetchPackageMetaData   syscall: 'connect',
36 silly fetchPackageMetaData   address: '151.101.12.162',
36 silly fetchPackageMetaData   port: 443 }
37 silly rollbackFailedOptional Starting
38 silly rollbackFailedOptional Finishing
39 silly runTopLevelLifecycles Finishing
40 silly install printInstalled
41 verbose stack Error: connect ETIMEDOUT 151.101.12.162:443
41 verbose stack     at Object.exports._errnoException (util.js:1026:11)
41 verbose stack     at exports._exceptionWithHostPort (util.js:1049:20)
41 verbose stack     at TCPConnectWrap.afterConnect [as oncomplete] (net.js:1085:14)
42 verbose cwd U:\Eigene Dateien\4134\Banking-API\mb-tabrisjs-app
43 error Windows_NT 6.1.7601
44 error argv "c:\\nodejs\\node.exe" "c:\\nodejs\\node_modules\\npm\\bin\\npm-cli.js" "install"
45 error node v6.9.1
46 error npm  v3.10.10
47 error code ETIMEDOUT
48 error errno ETIMEDOUT
49 error syscall connect
50 error network connect ETIMEDOUT 151.101.12.162:443
51 error network This is most likely not a problem with npm itself
51 error network and is related to network connectivity.
51 error network In most cases you are behind a proxy or have bad network settings.
51 error network
51 error network If you are behind a proxy, please make sure that the
51 error network 'proxy' config is set properly.  See: 'npm help config'
52 verbose exit [ 1, true ]
